<?xml version="1.0" encoding="utf-8"?><testsuites name="pytest tests"><testsuite name="pytest" errors="0" failures="0" skipped="0" tests="25" time="14.083" timestamp="2026-05-16T02:25:15.421868+00:00" hostname="agent-env-d2cbac61-8e98-43a4-a5d4-d255a053a3e7"><testcase classname="backend.tests.backend_test" name="test_health" time="0.201" /><testcase classname="backend.tests.backend_test" name="test_seed_idempotent" time="0.046" /><testcase classname="backend.tests.backend_test" name="test_chat_returns_mock_response" time="1.433" /><testcase classname="backend.tests.backend_test" name="test_session_persistence" time="1.709" /><testcase classname="backend.tests.backend_test" name="test_memory_store_and_search_roundtrip" time="0.098" /><testcase classname="backend.tests.backend_test" name="test_memory_list_seeded" time="0.054" /><testcase classname="backend.tests.backend_test" name="test_mentor_list_employees" time="0.053" /><testcase classname="backend.tests.backend_test" name="test_mentor_patterns_for_junior" time="0.103" /><testcase classname="backend.tests.backend_test" name="test_mentor_employee_summary" time="0.049" /><testcase classname="backend.tests.backend_test" name="test_mentor_record_performance" time="0.055" /><testcase classname="backend.tests.backend_test" name="test_mentor_detect_patterns" time="0.048" /><testcase classname="backend.tests.backend_test" name="test_mentor_recommendation_schema" time="0.050" /><testcase classname="backend.tests.backend_test" name="test_roi_current_has_costs" time="0.049" /><testcase classname="backend.tests.backend_test" name="test_roi_dashboard" time="0.058" /><testcase classname="backend.tests.backend_test" name="test_roi_deal_interaction_attribution" time="0.187" /><testcase classname="backend.tests.backend_test" name="test_alerts_list" time="0.050" /><testcase classname="backend.tests.backend_test" name="test_reliability_assess" time="0.052" /><testcase classname="backend.tests.backend_test" name="test_voice_tts_returns_mp3" time="1.784" /><testcase classname="backend.tests.backend_test" name="test_voice_tts_rejects_empty_text" time="0.052" /><testcase classname="backend.tests.backend_test" name="test_voice_tts_rejects_whitespace_text" time="0.047" /><testcase classname="backend.tests.backend_test" name="test_voice_tts_clamps_voice_and_speed" time="0.874" /><testcase classname="backend.tests.backend_test" name="test_voice_stt_transcribes_audio" time="0.640" /><testcase classname="backend.tests.backend_test" name="test_voice_stt_rejects_empty_file" time="0.044" /><testcase classname="backend.tests.backend_test" name="test_voice_converse_full_loop" time="6.199" /><testcase classname="backend.tests.backend_test" name="test_voice_converse_rejects_empty_file" time="0.045" /></testsuite></testsuites>