<?xml version="1.0" encoding="utf-8"?><testsuites name="pytest tests"><testsuite name="pytest" errors="0" failures="0" skipped="0" tests="19" time="1.737" timestamp="2026-05-16T01:54:44.942054+00:00" hostname="agent-env-1c0eb05a-5154-4bb8-95f9-a90580aa0bf4"><testcase classname="backend.tests.backend_test" name="test_health" time="0.207" /><testcase classname="backend.tests.backend_test" name="test_seed_idempotent" time="0.046" /><testcase classname="backend.tests.backend_test" name="test_chat_returns_mock_response" time="0.058" /><testcase classname="backend.tests.backend_test" name="test_session_persistence" time="0.411" /><testcase classname="backend.tests.backend_test" name="test_memory_store_and_search_roundtrip" time="0.101" /><testcase classname="backend.tests.backend_test" name="test_memory_list_seeded" time="0.048" /><testcase classname="backend.tests.backend_test" name="test_mentor_list_employees" time="0.046" /><testcase classname="backend.tests.backend_test" name="test_mentor_patterns_for_junior" time="0.093" /><testcase classname="backend.tests.backend_test" name="test_mentor_employee_summary" time="0.044" /><testcase classname="backend.tests.backend_test" name="test_mentor_record_performance" time="0.046" /><testcase classname="backend.tests.backend_test" name="test_mentor_detect_patterns" time="0.046" /><testcase classname="backend.tests.backend_test" name="test_mentor_recommendation_schema" time="0.054" /><testcase classname="backend.tests.backend_test" name="test_roi_current_has_costs" time="0.051" /><testcase classname="backend.tests.backend_test" name="test_roi_dashboard" time="0.050" /><testcase classname="backend.tests.backend_test" name="test_roi_deal_interaction_attribution" time="0.190" /><testcase classname="backend.tests.backend_test" name="test_alerts_list" time="0.046" /><testcase classname="backend.tests.backend_test" name="test_reliability_assess" time="0.048" /><testcase classname="backend.tests.backend_test" name="test_voice_stt_stub" time="0.044" /><testcase classname="backend.tests.backend_test" name="test_voice_tts_stub" time="0.043" /></testsuite></testsuites>